<?xml version="1.0" encoding="UTF-8"?>
<!-- Generated by org.testng.reporters.JUnitReportReporter -->
<testsuite hostname="Venki-PC" failures="0" tests="1" name="Employee.EmployeeSearch" time="20.442" errors="0" timestamp="04 Apr 2019 03:35:23 GMT" skipped="0">
  <testcase classname="Employee.EmployeeSearch" name="boolean_datadriventest" time="20.442"/>
</testsuite> <!-- Employee.EmployeeSearch -->
