<?xml version="1.0" encoding="UTF-8"?>
<!-- Generated by org.testng.reporters.JUnitReportReporter -->
<testsuite hostname="Venki-PC" failures="0" tests="1" name="Employee.AddEmp" time="52.712" errors="0" timestamp="04 Apr 2019 03:36:55 GMT" skipped="0">
  <testcase classname="Employee.AddEmp" name="AddEmp_datadriventest" time="52.712"/>
</testsuite> <!-- Employee.AddEmp -->
