<?xml version="1.0" encoding="UTF-8"?>
<!-- Generated by org.testng.reporters.JUnitReportReporter -->
<testsuite hostname="Venki-PC" failures="0" tests="1" name="Employee.ExportEmployees" time="23.192" errors="0" timestamp="04 Apr 2019 03:50:49 GMT" skipped="0">
  <testcase classname="Employee.ExportEmployees" name="ExportAllEmployees" time="23.192"/>
</testsuite> <!-- Employee.ExportEmployees -->
